<?xml version="1.0" encoding="UTF-8"?>
<!-- Generated by org.testng.reporters.JUnitReportReporter -->
<testsuite hostname="MacBook-Air.local" failures="0" tests="1" name="com.apitest.tests.UsersApiTest" time="0.785" errors="0" timestamp="2025-08-17T16:21:43 EDT" skipped="0">
  <testcase classname="com.apitest.tests.UsersApiTest" name="testGetAllUsers" time="0.785"/>
</testsuite> <!-- com.apitest.tests.UsersApiTest -->
